[Info   : LethalLib] LethalLib loaded!!
[Info   :MaxWasUnavailable.LethalModDataLib] Plugin MaxWasUnavailable.LethalModDataLib is loaded!
[Info   :LethalLevelLoader] LethalLevelLoader loaded!!
[Error  :LethalLevelLoader] Could Not Find Water Shader
[Info   :LethalLevelLoader] evaisa.lethallibfound, enabling compatability patches.
[Info   :LethalLevelLoader] Finding LethalBundles!
[Info   :LethalLevelLoader] Config Level Set As: User
[Info   :LethalLevelLoader] Found ExtendedMod: ExtendedMod
[Info   :LethalLevelLoader] Adding ScenePath: TheMoonScene
[Info   :LethalLevelLoader] Registering Bundle Content!
[Info   :LethalLevelLoader] Skipped Registering 0 NetworkObjects As They Were Already Registered.
[Info   :MaxWasUnavailable.LethalModDataLib] Registering ModDataAttribute fields...
[Info   :MaxWasUnavailable.LethalModDataLib] Hooking up save, load and delete events...
[Info   :MaxWasUnavailable.LethalModDataLib] ModDataHandler initialised!
[Info   :LethalLevelLoader] LethalLevelLoader Loaded The Following ExtendedLevels:
1. 41 Experimentation (Vanilla)
2. 220 Assurance (Vanilla)
3. 56 Vow (Vanilla)
4. 71 Gordion (Vanilla)
5. 61 March (Vanilla)
6. 20 Adamance (Vanilla)
7. 85 Rend (Vanilla)
8. 7 Dine (Vanilla)
9. 21 Offense (Vanilla)
10. 8 Titan (Vanilla)
11. 68 Artifice (Vanilla)
12. 44 Liquidation (Vanilla)
13. 5 Embrion (Vanilla)
14. 0 Moon (Custom)

[Info   :LethalLevelLoader] LethalLevelLoader Loaded The Following ExtendedDungeonFlows:
1. Facility (Level1Flow) (Vanilla)
2. Haunted Mansion (Level2Flow) (Vanilla)
3. Facility (Level1FlowExtraLarge) (Vanilla)
4. Facility (Level1Flow3Exits) (Vanilla)
5. Mineshaft (Level3Flow) (Vanilla)

[Info   :LethalLevelLoader] Initialized LLL Save File, Current Level Was: CompanyBuildingLevel, Current Vanilla Save Is: LCSaveFile1
[Info   :LethalLevelLoader] LethalLevelLoader Has Finished Initializing.
[Info   : LethalLib] Adding 0 unlockables to unlockables list
[Info   : LethalLib] Adding 0 items to terminal
[Info   : LethalLib] Found 0 prefabs to fix
[Info   :LethalLevelLoader] Loading Previously Saved SelectableLevel: 71 Gordion
[Info   :LethalLevelLoader] Saving Current SelectableLevel: 71 Gordion
[Warning:LethalLevelLoader] Disabling LethalLib Dungeon.RoundManager_Start() Function To Prevent Conflicts
[Info   :LethalLevelLoader] LockedNodeEventTest: ExtendedLevel Is: MoonExtendedLevel (LethalLevelLoader.ExtendedLevel), CurrentNode Is: Start, LoadNode Is: moonRouteConfirm
[Info   :LethalLevelLoader] LockedNodeEventTest: ExtendedLevel Is: MoonExtendedLevel (LethalLevelLoader.ExtendedLevel), CurrentNode Is: Start, LoadNode Is: moonRouteConfirm
[Info   :LethalLevelLoader] Saving Current SelectableLevel: 0 Moon
[Info   :LethalLevelLoader] Getting Random DungeonFlows!
[Info   :LethalLevelLoader] ExtendedLevel <-> ExtendedDungeonFlow Dynamic Matching Report.

Info For ExtendedLevel: MoonExtendedLevel | Planet Name: Moon | Content Tags: Custom | Route Price: 0 | Current Weather: Foggy
Unviable ExtendedDungeonFlows: Facility, Facility
Viable ExtendedDungeonFlows: Facility (200), Mineshaft (60), Haunted Mansion (40)

[Info   :LethalLevelLoader] Setting Random DungeonFlows!
[Warning:LethalLevelLoader] Disabling LethalLib Dungeon.RoundManager_GenerateNewFloor() Function To Prevent Conflicts
[Info   :LethalLevelLoader] Fire Exit Patch Report, Details Below;

EntranceTeleport's Found, Moon Contains 3 Entrances! ( 2 Fire Escapes) 
Main Entrance: EntranceTeleportA (Entrance ID: 0)
Alternate Entrance: EntranceTeleportB (Entrance ID: 1)
Alternate Entrance: EntranceTeleportC (Entrance ID: 2)
Found Fire Escape GlobalProp: (ID: 1231), Modifying Spawn rate Count From (1,1) To (2,2)


[Info   :LethalLevelLoader] Created New Day History Log! PlanetName: Moon ,Facility ,Quota: 1 , Day: 1 , Weather: Foggy
[Info   :LethalLevelLoader] Initialized LLL Save File, Current Level Was: CompanyBuildingLevel, Current Vanilla Save Is: LCSaveFile1
[Info   : LethalLib] Adding 0 unlockables to unlockables list
[Info   : LethalLib] Adding 0 items to terminal
[Info   : LethalLib] Found 0 prefabs to fix
[Info   :LethalLevelLoader] Saving Current SelectableLevel: 71 Gordion
[Warning:LethalLevelLoader] Disabling LethalLib Dungeon.RoundManager_Start() Function To Prevent Conflicts
[Info   :LethalLevelLoader] LockedNodeEventTest: ExtendedLevel Is: MoonExtendedLevel (LethalLevelLoader.ExtendedLevel), CurrentNode Is: Start, LoadNode Is: moonRouteConfirm
[Info   :LethalLevelLoader] LockedNodeEventTest: ExtendedLevel Is: MoonExtendedLevel (LethalLevelLoader.ExtendedLevel), CurrentNode Is: Start, LoadNode Is: moonRouteConfirm
[Info   :LethalLevelLoader] Saving Current SelectableLevel: 0 Moon
[Info   :LethalLevelLoader] Getting Random DungeonFlows!
[Info   :LethalLevelLoader] ExtendedLevel <-> ExtendedDungeonFlow Dynamic Matching Report.

Info For ExtendedLevel: MoonExtendedLevel | Planet Name: Moon | Content Tags: Custom | Route Price: 0 | Current Weather: Foggy
Unviable ExtendedDungeonFlows: Facility, Facility
Viable ExtendedDungeonFlows: Facility (200), Mineshaft (60), Haunted Mansion (40)

[Info   :LethalLevelLoader] Setting Random DungeonFlows!
[Warning:LethalLevelLoader] Disabling LethalLib Dungeon.RoundManager_GenerateNewFloor() Function To Prevent Conflicts
[Info   :LethalLevelLoader] Fire Exit Patch Report, Details Below;

EntranceTeleport's Found, Moon Contains 3 Entrances! ( 2 Fire Escapes) 
Main Entrance: EntranceTeleportA (Entrance ID: 0)
Alternate Entrance: EntranceTeleportB (Entrance ID: 1)
Alternate Entrance: EntranceTeleportC (Entrance ID: 2)
Found Fire Escape GlobalProp: (ID: 1231), Modifying Spawn rate Count From (1,1) To (2,2)


[Info   :LethalLevelLoader] Created New Day History Log! PlanetName: Moon ,Haunted Mansion ,Quota: 1 , Day: 2 , Weather: Foggy
[Info   :LethalLevelLoader] Initialized LLL Save File, Current Level Was: CompanyBuildingLevel, Current Vanilla Save Is: LCSaveFile1
[Info   : LethalLib] Adding 0 unlockables to unlockables list
[Info   : LethalLib] Adding 0 items to terminal
[Info   : LethalLib] Found 0 prefabs to fix
[Info   :LethalLevelLoader] Saving Current SelectableLevel: 71 Gordion
[Warning:LethalLevelLoader] Disabling LethalLib Dungeon.RoundManager_Start() Function To Prevent Conflicts
[Info   :LethalLevelLoader] LockedNodeEventTest: ExtendedLevel Is: MoonExtendedLevel (LethalLevelLoader.ExtendedLevel), CurrentNode Is: Start, LoadNode Is: moonRouteConfirm
[Info   :LethalLevelLoader] LockedNodeEventTest: ExtendedLevel Is: MoonExtendedLevel (LethalLevelLoader.ExtendedLevel), CurrentNode Is: Start, LoadNode Is: moonRouteConfirm
[Info   :LethalLevelLoader] Saving Current SelectableLevel: 0 Moon
[Info   :LethalLevelLoader] Getting Random DungeonFlows!
[Info   :LethalLevelLoader] ExtendedLevel <-> ExtendedDungeonFlow Dynamic Matching Report.

Info For ExtendedLevel: MoonExtendedLevel | Planet Name: Moon | Content Tags: Custom | Route Price: 0 | Current Weather: Foggy
Unviable ExtendedDungeonFlows: Facility, Facility
Viable ExtendedDungeonFlows: Facility (200), Mineshaft (60), Haunted Mansion (40)

[Info   :LethalLevelLoader] Setting Random DungeonFlows!
[Warning:LethalLevelLoader] Disabling LethalLib Dungeon.RoundManager_GenerateNewFloor() Function To Prevent Conflicts
[Info   :LethalLevelLoader] Fire Exit Patch Report, Details Below;

EntranceTeleport's Found, Moon Contains 3 Entrances! ( 2 Fire Escapes) 
Main Entrance: EntranceTeleportA (Entrance ID: 0)
Alternate Entrance: EntranceTeleportB (Entrance ID: 1)
Alternate Entrance: EntranceTeleportC (Entrance ID: 2)
Found Fire Escape GlobalProp: (ID: 1231), Modifying Spawn rate Count From (2,2) To (2,2)


[Info   :LethalLevelLoader] Created New Day History Log! PlanetName: Moon ,Facility ,Quota: 1 , Day: 3 , Weather: Foggy
[Info   :LethalLevelLoader] Initialized LLL Save File, Current Level Was: CompanyBuildingLevel, Current Vanilla Save Is: LCSaveFile1
[Info   : LethalLib] Adding 0 unlockables to unlockables list
[Info   : LethalLib] Adding 0 items to terminal
[Info   : LethalLib] Found 0 prefabs to fix
[Info   :LethalLevelLoader] Saving Current SelectableLevel: 71 Gordion
[Warning:LethalLevelLoader] Disabling LethalLib Dungeon.RoundManager_Start() Function To Prevent Conflicts
[Info   :LethalLevelLoader] LockedNodeEventTest: ExtendedLevel Is: MoonExtendedLevel (LethalLevelLoader.ExtendedLevel), CurrentNode Is: MoonsCatalogue, LoadNode Is: moonRouteConfirm
[Info   :LethalLevelLoader] LockedNodeEventTest: ExtendedLevel Is: MoonExtendedLevel (LethalLevelLoader.ExtendedLevel), CurrentNode Is: MoonsCatalogue, LoadNode Is: moonRouteConfirm
[Info   :LethalLevelLoader] LockedNodeEventTest: ExtendedLevel Is: MoonExtendedLevel (LethalLevelLoader.ExtendedLevel), CurrentNode Is: CouldNotReroute, LoadNode Is: moonRouteConfirm
[Info   :LethalLevelLoader] LockedNodeEventTest: ExtendedLevel Is: MoonExtendedLevel (LethalLevelLoader.ExtendedLevel), CurrentNode Is: CouldNotReroute, LoadNode Is: moonRouteConfirm
[Info   :LethalLevelLoader] Saving Current SelectableLevel: 0 Moon
[Info   :LethalLevelLoader] Getting Random DungeonFlows!
[Info   :LethalLevelLoader] ExtendedLevel <-> ExtendedDungeonFlow Dynamic Matching Report.

Info For ExtendedLevel: MoonExtendedLevel | Planet Name: Moon | Content Tags: Custom | Route Price: 0 | Current Weather: Foggy
Unviable ExtendedDungeonFlows: Facility, Facility
Viable ExtendedDungeonFlows: Facility (200), Mineshaft (60), Haunted Mansion (40)

[Info   :LethalLevelLoader] Setting Random DungeonFlows!
[Warning:LethalLevelLoader] Disabling LethalLib Dungeon.RoundManager_GenerateNewFloor() Function To Prevent Conflicts
[Info   :LethalLevelLoader] Fire Exit Patch Report, Details Below;

EntranceTeleport's Found, Moon Contains 3 Entrances! ( 2 Fire Escapes) 
Main Entrance: EntranceTeleportA (Entrance ID: 0)
Alternate Entrance: EntranceTeleportB (Entrance ID: 1)
Alternate Entrance: EntranceTeleportC (Entrance ID: 2)
Found Fire Escape GlobalProp: (ID: 1231), Modifying Spawn rate Count From (2,2) To (2,2)


[Info   :LethalLevelLoader] Created New Day History Log! PlanetName: Moon ,Facility ,Quota: 1 , Day: 4 , Weather: Foggy
[Info   :LethalLevelLoader] Initialized LLL Save File, Current Level Was: CompanyBuildingLevel, Current Vanilla Save Is: LCSaveFile1
[Info   : LethalLib] Adding 0 unlockables to unlockables list
[Info   : LethalLib] Adding 0 items to terminal
[Info   : LethalLib] Found 0 prefabs to fix
[Info   :LethalLevelLoader] Saving Current SelectableLevel: 71 Gordion
[Warning:LethalLevelLoader] Disabling LethalLib Dungeon.RoundManager_Start() Function To Prevent Conflicts
[Info   :LethalLevelLoader] LockedNodeEventTest: ExtendedLevel Is: MoonExtendedLevel (LethalLevelLoader.ExtendedLevel), CurrentNode Is: Start, LoadNode Is: moonRouteConfirm
[Info   :LethalLevelLoader] LockedNodeEventTest: ExtendedLevel Is: MoonExtendedLevel (LethalLevelLoader.ExtendedLevel), CurrentNode Is: Start, LoadNode Is: moonRouteConfirm
[Info   :LethalLevelLoader] Saving Current SelectableLevel: 0 Moon
[Info   :LethalLevelLoader] Getting Random DungeonFlows!
[Info   :LethalLevelLoader] ExtendedLevel <-> ExtendedDungeonFlow Dynamic Matching Report.

Info For ExtendedLevel: MoonExtendedLevel | Planet Name: Moon | Content Tags: Custom | Route Price: 0 | Current Weather: None
Unviable ExtendedDungeonFlows: Facility, Facility
Viable ExtendedDungeonFlows: Facility (200), Mineshaft (60), Haunted Mansion (40)

[Info   :LethalLevelLoader] Setting Random DungeonFlows!
[Warning:LethalLevelLoader] Disabling LethalLib Dungeon.RoundManager_GenerateNewFloor() Function To Prevent Conflicts
[Info   :LethalLevelLoader] Fire Exit Patch Report, Details Below;

EntranceTeleport's Found, Moon Contains 3 Entrances! ( 2 Fire Escapes) 
Main Entrance: EntranceTeleportA (Entrance ID: 0)
Alternate Entrance: EntranceTeleportB (Entrance ID: 1)
Alternate Entrance: EntranceTeleportC (Entrance ID: 2)
Found Fire Escape GlobalProp: (ID: 1231), Modifying Spawn rate Count From (2,2) To (2,2)


[Info   :LethalLevelLoader] Created New Day History Log! PlanetName: Moon ,Facility ,Quota: 1 , Day: 5 , Weather: None
[Info   :LethalLevelLoader] Initialized LLL Save File, Current Level Was: CompanyBuildingLevel, Current Vanilla Save Is: LCSaveFile1
[Info   : LethalLib] Adding 0 unlockables to unlockables list
[Info   : LethalLib] Adding 0 items to terminal
[Info   : LethalLib] Found 0 prefabs to fix
[Info   :LethalLevelLoader] Saving Current SelectableLevel: 71 Gordion
[Warning:LethalLevelLoader] Disabling LethalLib Dungeon.RoundManager_Start() Function To Prevent Conflicts
[Info   :LethalLevelLoader] LockedNodeEventTest: ExtendedLevel Is: MoonExtendedLevel (LethalLevelLoader.ExtendedLevel), CurrentNode Is: Start, LoadNode Is: moonRouteConfirm
[Info   :LethalLevelLoader] LockedNodeEventTest: ExtendedLevel Is: MoonExtendedLevel (LethalLevelLoader.ExtendedLevel), CurrentNode Is: Start, LoadNode Is: moonRouteConfirm
[Info   :LethalLevelLoader] Saving Current SelectableLevel: 0 Moon
[Info   :LethalLevelLoader] Getting Random DungeonFlows!
[Info   :LethalLevelLoader] ExtendedLevel <-> ExtendedDungeonFlow Dynamic Matching Report.

Info For ExtendedLevel: MoonExtendedLevel | Planet Name: Moon | Content Tags: Custom | Route Price: 0 | Current Weather: None
Unviable ExtendedDungeonFlows: Facility, Facility
Viable ExtendedDungeonFlows: Facility (200), Mineshaft (60), Haunted Mansion (40)

[Info   :LethalLevelLoader] Setting Random DungeonFlows!
[Warning:LethalLevelLoader] Disabling LethalLib Dungeon.RoundManager_GenerateNewFloor() Function To Prevent Conflicts
[Info   :LethalLevelLoader] Fire Exit Patch Report, Details Below;

EntranceTeleport's Found, Moon Contains 3 Entrances! ( 2 Fire Escapes) 
Main Entrance: EntranceTeleportA (Entrance ID: 0)
Alternate Entrance: EntranceTeleportB (Entrance ID: 1)
Alternate Entrance: EntranceTeleportC (Entrance ID: 2)
Found Fire Escape GlobalProp: (ID: 1231), Modifying Spawn rate Count From (2,2) To (2,2)


[Info   :LethalLevelLoader] Created New Day History Log! PlanetName: Moon ,Facility ,Quota: 1 , Day: 6 , Weather: None
[Info   :LethalLevelLoader] Initialized LLL Save File, Current Level Was: CompanyBuildingLevel, Current Vanilla Save Is: LCSaveFile1
[Info   : LethalLib] Adding 0 unlockables to unlockables list
[Info   : LethalLib] Adding 0 items to terminal
[Info   : LethalLib] Found 0 prefabs to fix
[Info   :LethalLevelLoader] Saving Current SelectableLevel: 71 Gordion
[Warning:LethalLevelLoader] Disabling LethalLib Dungeon.RoundManager_Start() Function To Prevent Conflicts
[Info   :LethalLevelLoader] LockedNodeEventTest: ExtendedLevel Is: MoonExtendedLevel (LethalLevelLoader.ExtendedLevel), CurrentNode Is: Start, LoadNode Is: moonRouteConfirm
[Info   :LethalLevelLoader] LockedNodeEventTest: ExtendedLevel Is: MoonExtendedLevel (LethalLevelLoader.ExtendedLevel), CurrentNode Is: Start, LoadNode Is: moonRouteConfirm
[Info   :LethalLevelLoader] Saving Current SelectableLevel: 0 Moon
[Info   :LethalLevelLoader] Getting Random DungeonFlows!
[Info   :LethalLevelLoader] ExtendedLevel <-> ExtendedDungeonFlow Dynamic Matching Report.

Info For ExtendedLevel: MoonExtendedLevel | Planet Name: Moon | Content Tags: Custom | Route Price: 0 | Current Weather: None
Unviable ExtendedDungeonFlows: Facility, Facility
Viable ExtendedDungeonFlows: Facility (200), Mineshaft (60), Haunted Mansion (40)

[Info   :LethalLevelLoader] Setting Random DungeonFlows!
[Warning:LethalLevelLoader] Disabling LethalLib Dungeon.RoundManager_GenerateNewFloor() Function To Prevent Conflicts
[Info   :LethalLevelLoader] Fire Exit Patch Report, Details Below;

EntranceTeleport's Found, Moon Contains 3 Entrances! ( 2 Fire Escapes) 
Main Entrance: EntranceTeleportA (Entrance ID: 0)
Alternate Entrance: EntranceTeleportB (Entrance ID: 1)
Alternate Entrance: EntranceTeleportC (Entrance ID: 2)
Found Fire Escape GlobalProp: (ID: 1231), Modifying Spawn rate Count From (1,1) To (2,2)


[Info   :LethalLevelLoader] Created New Day History Log! PlanetName: Moon ,Mineshaft ,Quota: 1 , Day: 7 , Weather: None
[Info   :LethalLevelLoader] Initialized LLL Save File, Current Level Was: CompanyBuildingLevel, Current Vanilla Save Is: LCSaveFile1
[Info   : LethalLib] Adding 0 unlockables to unlockables list
[Info   : LethalLib] Adding 0 items to terminal
[Info   : LethalLib] Found 0 prefabs to fix
[Info   :LethalLevelLoader] Saving Current SelectableLevel: 71 Gordion
[Warning:LethalLevelLoader] Disabling LethalLib Dungeon.RoundManager_Start() Function To Prevent Conflicts
[Info   :LethalLevelLoader] LockedNodeEventTest: ExtendedLevel Is: ExperimentationExtendedLevel (LethalLevelLoader.ExtendedLevel), CurrentNode Is: Start, LoadNode Is: 41routeConfirm
[Info   :LethalLevelLoader] LockedNodeEventTest: ExtendedLevel Is: ExperimentationExtendedLevel (LethalLevelLoader.ExtendedLevel), CurrentNode Is: Start, LoadNode Is: 41routeConfirm
[Info   :LethalLevelLoader] Saving Current SelectableLevel: 41 Experimentation
[Info   :LethalLevelLoader] Getting Random DungeonFlows!
[Info   :LethalLevelLoader] ExtendedLevel <-> ExtendedDungeonFlow Dynamic Matching Report.

Info For ExtendedLevel: ExperimentationExtendedLevel | Planet Name: Experimentation | Content Tags: Free, Wasteland, Vanilla | Route Price: 0 | Current Weather: None
Unviable ExtendedDungeonFlows: Facility, Facility
Viable ExtendedDungeonFlows: Facility (300), Mineshaft (3), Haunted Mansion (1)

[Info   :LethalLevelLoader] Setting Random DungeonFlows!
[Warning:LethalLevelLoader] Disabling LethalLib Dungeon.RoundManager_GenerateNewFloor() Function To Prevent Conflicts
[Info   :LethalLevelLoader] Fire Exit Patch Report, Details Below;

EntranceTeleport's Found, Experimentation Contains 2 Entrances! ( 1 Fire Escapes) 
Main Entrance: EntranceTeleportA (Entrance ID: 0)
Alternate Entrance: EntranceTeleportB (Entrance ID: 1)
Found Fire Escape GlobalProp: (ID: 1231), Modifying Spawn rate Count From (2,2) To (1,1)


[Info   :LethalLevelLoader] Created New Day History Log! PlanetName: Experimentation ,Facility ,Quota: 1 , Day: 8 , Weather: None
[Warning:  HarmonyX] UnpatchAll has been called - This will remove ALL HARMONY PATCHES.
